2025-08-20 17:34:14,295 - INFO - Running pipeline manually
2025-08-20 17:34:14,295 - INFO - Starting parallel processing with 4 workers
2025-08-20 17:34:14,296 - INFO - Loaded configuration for 3 sources
2025-08-20 17:34:14,297 - INFO - Attempting to read CSV from https://www.treasury.gov/ofac/downloads/sdn.csv (attempt 1)
2025-08-20 17:34:14,298 - INFO - Attempting to read CSV from https://www.treasury.gov/ofac/downloads/alt.csv (attempt 1)
2025-08-20 17:34:14,299 - INFO - Attempting to read CSV from https://www.treasury.gov/ofac/downloads/add.csv (attempt 1)
2025-08-20 17:34:26,873 - INFO - Successfully read 19795 rows from https://www.treasury.gov/ofac/downloads/alt.csv
2025-08-20 17:34:26,924 - INFO - Saved OFAC_ALT.csv (900682 bytes)
2025-08-20 17:34:26,926 - INFO - Connecting to FTP server: localhost
2025-08-20 17:34:26,998 - INFO - FTP connection established
2025-08-20 17:34:26,999 - INFO - Successfully navigated to /home/psyger/ftp/new
2025-08-20 17:34:26,999 - INFO - Uploading OFAC_ALT.csv (900682 bytes)
2025-08-20 17:34:27,571 - INFO - Successfully uploaded OFAC_ALT.csv
2025-08-20 17:34:27,572 - INFO - FTP connection closed
2025-08-20 17:34:27,574 - INFO - Deleted local file: OFAC_ALT.csv
2025-08-20 17:34:28,292 - INFO - Successfully read 23448 rows from https://www.treasury.gov/ofac/downloads/add.csv
2025-08-20 17:34:28,363 - INFO - Saved OFAC_ADD.csv (1332527 bytes)
2025-08-20 17:34:28,364 - INFO - Connecting to FTP server: localhost
2025-08-20 17:34:28,440 - INFO - FTP connection established
2025-08-20 17:34:28,441 - INFO - Successfully navigated to /home/psyger/ftp/new
2025-08-20 17:34:28,442 - INFO - Uploading OFAC_ADD.csv (1332527 bytes)
2025-08-20 17:34:28,815 - INFO - Successfully read 17787 rows from https://www.treasury.gov/ofac/downloads/sdn.csv
2025-08-20 17:34:28,994 - INFO - Saved OFAC_SDN.csv (4567025 bytes)
2025-08-20 17:34:28,995 - INFO - Connecting to FTP server: localhost
2025-08-20 17:34:29,065 - INFO - FTP connection established
2025-08-20 17:34:29,067 - INFO - Successfully navigated to /home/psyger/ftp/new
2025-08-20 17:34:29,067 - INFO - Uploading OFAC_SDN.csv (4567025 bytes)
2025-08-20 17:34:29,517 - INFO - Successfully uploaded OFAC_ADD.csv
2025-08-20 17:34:29,521 - INFO - FTP connection closed
2025-08-20 17:34:29,522 - INFO - Deleted local file: OFAC_ADD.csv
2025-08-20 17:34:29,688 - INFO - Successfully uploaded OFAC_SDN.csv
2025-08-20 17:34:29,691 - INFO - FTP connection closed
2025-08-20 17:34:29,692 - INFO - Deleted local file: OFAC_SDN.csv
2025-08-20 17:34:29,700 - INFO - ==================================================
2025-08-20 17:34:29,701 - INFO - PROCESSING SUMMARY
2025-08-20 17:34:29,701 - INFO - ==================================================
2025-08-20 17:34:29,701 - INFO - Total sources: 3
2025-08-20 17:34:29,702 - INFO - Successful: 3
2025-08-20 17:34:29,702 - INFO - Failed: 0
2025-08-20 17:34:29,702 - INFO - Total data processed: 6,800,234 bytes
2025-08-20 17:34:29,703 - INFO - Total processing time: 43.90 seconds
2025-08-20 17:34:29,703 - INFO - ==================================================
